0 info it worked if it ends with ok
1 verbose cli [ 'node', '/usr/local/bin/npm', 'run', 'lint' ]
2 info using npm@2.12.1
3 info using node@v0.12.6
4 verbose node symlink /usr/local/bin/node
5 verbose run-script [ 'prelint', 'lint', 'postlint' ]
6 info prelint love-plus@0.0.1
7 info lint love-plus@0.0.1
8 verbose unsafe-perm in lifecycle true
9 info love-plus@0.0.1 Failed to exec lint script
10 verbose stack Error: love-plus@0.0.1 lint: `eslint . && flow check`
10 verbose stack Exit status 2
10 verbose stack     at EventEmitter.<anonymous> (/usr/local/lib/node_modules/npm/lib/utils/lifecycle.js:213:16)
10 verbose stack     at EventEmitter.emit (events.js:110:17)
10 verbose stack     at ChildProcess.<anonymous> (/usr/local/lib/node_modules/npm/lib/utils/spawn.js:24:14)
10 verbose stack     at ChildProcess.emit (events.js:110:17)
10 verbose stack     at maybeClose (child_process.js:1015:16)
10 verbose stack     at Process.ChildProcess._handle.onexit (child_process.js:1087:5)
11 verbose pkgid love-plus@0.0.1
12 verbose cwd /Users/varunramesh/projects/love-plus
13 error Darwin 14.5.0
14 error argv "node" "/usr/local/bin/npm" "run" "lint"
15 error node v0.12.6
16 error npm  v2.12.1
17 error code ELIFECYCLE
18 error love-plus@0.0.1 lint: `eslint . && flow check`
18 error Exit status 2
19 error Failed at the love-plus@0.0.1 lint script 'eslint . && flow check'.
19 error This is most likely a problem with the love-plus package,
19 error not with npm itself.
19 error Tell the author that this fails on your system:
19 error     eslint . && flow check
19 error You can get their info via:
19 error     npm owner ls love-plus
19 error There is likely additional logging output above.
20 verbose exit [ 1, true ]
